Build started 16.04.2015 12:56:23.
     1>Project "C:\Users\Admin\Documents\Visual Studio 2013\Projects\RTTI\RTTI\RTTI.vcxproj" on node 2 (Build target(s)).
     1>ClCompile:
         D:\VS\VC\bin\CL.exe /c /Zi /nologo /W3 /WX- /sdl /O2 /Oi /Oy- /GL /D _MBCS /Gm- /EHsc /MD /GS /Gy /fp:precise /Zc:wchar_t /Zc:forScope /GR- /Fo"Release\\" /Fd"Release\vc120.pdb" /Gd /TP /analyze- /errorReport:prompt main.cpp
         main.cpp
     1>main.cpp(109): warning C4101: 'b' : unreferenced local variable
     1>main.cpp(57): warning C4018: '<' : signed/unsigned mismatch
                 main.cpp(115) : see reference to function template instantiation 'targetClass *casting<C,A>(sourseClass *)' being compiled
                 with
                 [
                     targetClass=C
         ,            sourseClass=A
                 ]
       Link:
         D:\VS\VC\bin\link.exe /ERRORREPORT:PROMPT /OUT:"C:\Users\Admin\Documents\Visual Studio 2013\Projects\RTTI\Release\RTTI.exe" /NOLOGO kernel32.lib user32.lib gdi32.lib winspool.lib comdlg32.lib advapi32.lib shell32.lib ole32.lib oleaut32.lib uuid.lib odbc32.lib odbccp32.lib /MANIFEST /MANIFESTUAC:"level='asInvoker' uiAccess='false'" /manifest:embed /DEBUG /PDB:"C:\Users\Admin\Documents\Visual Studio 2013\Projects\RTTI\Release\RTTI.pdb" /OPT:REF /OPT:ICF /LTCG /TLBID:1 /DYNAMICBASE /NXCOMPAT /IMPLIB:"C:\Users\Admin\Documents\Visual Studio 2013\Projects\RTTI\Release\RTTI.lib" /MACHINE:X86 /SAFESEH Release\main.obj
         Generating code
         Finished generating code
         RTTI.vcxproj -> C:\Users\Admin\Documents\Visual Studio 2013\Projects\RTTI\Release\RTTI.exe
     1>Done Building Project "C:\Users\Admin\Documents\Visual Studio 2013\Projects\RTTI\RTTI\RTTI.vcxproj" (Build target(s)).

Build succeeded.

Time Elapsed 00:00:02.72
